
> social-scheduler-example@0.1.0 dev
> ts-node-dev --respawn --transpile-only src/index.ts

[INFO] 01:45:57 ts-node-dev ver. 2.0.0 (using ts-node ver. 10.9.2, typescript ver. 5.9.3)
Error: listen EADDRINUSE: address already in use :::3000
    at Server.setupListenHandle [as _listen2] (node:net:1940:16)
    at listenInCluster (node:net:1997:12)
    at Server.listen (node:net:2102:7)
    at Function.listen (C:\projects\social-scheduler\node_modules\express\lib\application.js:635:24)
    at Object.<anonymous> (C:\projects\social-scheduler\src\index.ts:18:5)
    at Module.<anonymous> (node:internal/modules/cjs/loader:1706:14)
    at Module._compile (C:\projects\social-scheduler\node_modules\source-map-support\source-map-support.js:568:25)
    at Module.m._compile (C:\Users\PADAYA~1\AppData\Local\Temp\ts-node-dev-hook-9192521445803996.js:69:33)
    at node:internal/modules/cjs/loader:1839:10
    at require.extensions..jsx.require.extensions..js (C:\Users\PADAYA~1\AppData\Local\Temp\ts-node-dev-hook-9192521445803996.js:114:20)
[ERROR] 01:45:59 Error: listen EADDRINUSE: address already in use :::3000
[INFO] 02:25:46 Restarting: C:\projects\social-scheduler\src\db.ts has been modified
listening http://localhost:3000
Scheduler started (runs every minute)
[INFO] 02:25:59 Restarting: C:\projects\social-scheduler\src\oauth.ts has been modified
Error: listen EADDRINUSE: address already in use :::3000
    at Server.setupListenHandle [as _listen2] (node:net:1940:16)
    at listenInCluster (node:net:1997:12)
    at Server.listen (node:net:2102:7)
    at Function.listen (C:\projects\social-scheduler\node_modules\express\lib\application.js:635:24)
    at Object.<anonymous> (C:\projects\social-scheduler\src\index.ts:18:5)
    at Module.<anonymous> (node:internal/modules/cjs/loader:1706:14)
    at Module._compile (C:\projects\social-scheduler\node_modules\source-map-support\source-map-support.js:568:25)
    at Module.m._compile (C:\Users\PADAYA~1\AppData\Local\Temp\ts-node-dev-hook-9192521445803996.js:69:33)
    at node:internal/modules/cjs/loader:1839:10
    at require.extensions..jsx.require.extensions..js (C:\Users\PADAYA~1\AppData\Local\Temp\ts-node-dev-hook-9192521445803996.js:114:20)
[ERROR] 02:26:03 Error: listen EADDRINUSE: address already in use :::3000
[INFO] 02:26:09 Restarting: C:\projects\social-scheduler\src\oauth.ts has been modified
listening http://localhost:3000
Scheduler started (runs every minute)
[INFO] 02:26:18 Restarting: C:\projects\social-scheduler\src\oauth.ts has been modified
Error: listen EADDRINUSE: address already in use :::3000
    at Server.setupListenHandle [as _listen2] (node:net:1940:16)
    at listenInCluster (node:net:1997:12)
    at Server.listen (node:net:2102:7)
    at Function.listen (C:\projects\social-scheduler\node_modules\express\lib\application.js:635:24)
    at Object.<anonymous> (C:\projects\social-scheduler\src\index.ts:18:5)
    at Module.<anonymous> (node:internal/modules/cjs/loader:1706:14)
    at Module._compile (C:\projects\social-scheduler\node_modules\source-map-support\source-map-support.js:568:25)
    at Module.m._compile (C:\Users\PADAYA~1\AppData\Local\Temp\ts-node-dev-hook-9192521445803996.js:69:33)
    at node:internal/modules/cjs/loader:1839:10
    at require.extensions..jsx.require.extensions..js (C:\Users\PADAYA~1\AppData\Local\Temp\ts-node-dev-hook-9192521445803996.js:114:20)
[ERROR] 02:26:22 Error: listen EADDRINUSE: address already in use :::3000
[INFO] 02:26:23 Restarting: C:\projects\social-scheduler\src\oauth.ts has been modified
listening http://localhost:3000
Scheduler started (runs every minute)
[INFO] 02:26:33 Restarting: C:\projects\social-scheduler\src\routes.ts has been modified
Error: listen EADDRINUSE: address already in use :::3000
    at Server.setupListenHandle [as _listen2] (node:net:1940:16)
    at listenInCluster (node:net:1997:12)
    at Server.listen (node:net:2102:7)
    at Function.listen (C:\projects\social-scheduler\node_modules\express\lib\application.js:635:24)
    at Object.<anonymous> (C:\projects\social-scheduler\src\index.ts:18:5)
    at Module.<anonymous> (node:internal/modules/cjs/loader:1706:14)
    at Module._compile (C:\projects\social-scheduler\node_modules\source-map-support\source-map-support.js:568:25)
    at Module.m._compile (C:\Users\PADAYA~1\AppData\Local\Temp\ts-node-dev-hook-9192521445803996.js:69:33)
    at node:internal/modules/cjs/loader:1839:10
    at require.extensions..jsx.require.extensions..js (C:\Users\PADAYA~1\AppData\Local\Temp\ts-node-dev-hook-9192521445803996.js:114:20)
[ERROR] 02:26:38 Error: listen EADDRINUSE: address already in use :::3000
[INFO] 02:26:52 Restarting: C:\projects\social-scheduler\src\routes.ts has been modified
listening http://localhost:3000
Scheduler started (runs every minute)
[INFO] 02:27:09 Restarting: C:\projects\social-scheduler\src\oauth.ts has been modified
listening http://localhost:3000
Scheduler started (runs every minute)
[INFO] 02:27:26 Restarting: C:\projects\social-scheduler\src\routes.ts has been modified
Error: listen EADDRINUSE: address already in use :::3000
    at Server.setupListenHandle [as _listen2] (node:net:1940:16)
    at listenInCluster (node:net:1997:12)
    at Server.listen (node:net:2102:7)
    at Function.listen (C:\projects\social-scheduler\node_modules\express\lib\application.js:635:24)
    at Object.<anonymous> (C:\projects\social-scheduler\src\index.ts:18:5)
    at Module.<anonymous> (node:internal/modules/cjs/loader:1706:14)
    at Module._compile (C:\projects\social-scheduler\node_modules\source-map-support\source-map-support.js:568:25)
    at Module.m._compile (C:\Users\PADAYA~1\AppData\Local\Temp\ts-node-dev-hook-9192521445803996.js:69:33)
    at node:internal/modules/cjs/loader:1839:10
    at require.extensions..jsx.require.extensions..js (C:\Users\PADAYA~1\AppData\Local\Temp\ts-node-dev-hook-9192521445803996.js:114:20)
[ERROR] 02:27:30 Error: listen EADDRINUSE: address already in use :::3000
[INFO] 02:35:10 Restarting: C:\projects\social-scheduler\src\db.ts has been modified
listening http://localhost:3000
Scheduler started (runs every minute)
